# JRE version: OpenJDK Runtime Environment (8.0_112-b06) (build 1.8.0_112-release-b06)
# Java VM: OpenJDK 64-Bit Server VM (25.112-b06 mixed mode windows-amd64 compressed oops)
Heap:
 PSYoungGen      total 187904K, used 160256K [0x00000000e0000000, 0x00000000eef00000, 0x0000000100000000)
  eden space 160256K, 100% used [0x00000000e0000000,0x00000000e9c80000,0x00000000e9c80000)
  from space 27648K, 0% used [0x00000000eba00000,0x00000000eba00000,0x00000000ed500000)
  to   space 30208K, 18% used [0x00000000e9c80000,0x00000000ea200000,0x00000000eba00000)
 ParOldGen       total 172544K, used 44485K [0x00000000a0000000, 0x00000000aa880000, 0x00000000e0000000)
  object space 172544K, 25% used [0x00000000a0000000,0x00000000a2b715d0,0x00000000aa880000)
 Metaspace       used 58695K, capacity 61402K, committed 61568K, reserved 1101824K
  class space    used 7860K, capacity 8450K, committed 8576K, reserved 1048576K
GC Heap History (10 events):
Event: 14.598 GC heap after
Heap after GC invocations=11 (full 2):
 PSYoungGen      total 122368K, used 13299K [0x00000000e0000000, 0x00000000ea500000, 0x0000000100000000)
  eden space 109056K, 0% used [0x00000000e0000000,0x00000000e0000000,0x00000000e6a80000)
  from space 13312K, 99% used [0x00000000e6a80000,0x00000000e777cc90,0x00000000e7780000)
  to   space 16896K, 0% used [0x00000000e9480000,0x00000000e9480000,0x00000000ea500000)
 ParOldGen       total 123392K, used 21476K [0x00000000a0000000, 0x00000000a7880000, 0x00000000e0000000)
  object space 123392K, 17% used [0x00000000a0000000,0x00000000a14f90b8,0x00000000a7880000)
 Metaspace       used 47623K, capacity 49246K, committed 49408K, reserved 1091584K
  class space    used 6436K, capacity 6813K, committed 6912K, reserved 1048576K
}
Event: 15.747 GC heap before
{Heap before GC invocations=12 (full 2):
 PSYoungGen      total 122368K, used 122355K [0x00000000e0000000, 0x00000000ea500000, 0x0000000100000000)
  eden space 109056K, 100% used [0x00000000e0000000,0x00000000e6a80000,0x00000000e6a80000)
  from space 13312K, 99% used [0x00000000e6a80000,0x00000000e777cc90,0x00000000e7780000)
  to   space 16896K, 0% used [0x00000000e9480000,0x00000000e9480000,0x00000000ea500000)
 ParOldGen       total 123392K, used 21476K [0x00000000a0000000, 0x00000000a7880000, 0x00000000e0000000)
  object space 123392K, 17% used [0x00000000a0000000,0x00000000a14f90b8,0x00000000a7880000)
 Metaspace       used 50769K, capacity 52674K, committed 52736K, reserved 1095680K
  class space    used 6974K, capacity 7424K, committed 7424K, reserved 1048576K
Event: 15.780 GC heap after
Heap after GC invocations=12 (full 2):
 PSYoungGen      total 146432K, used 16896K [0x00000000e0000000, 0x00000000eb500000, 0x0000000100000000)
  eden space 129536K, 0% used [0x00000000e0000000,0x00000000e0000000,0x00000000e7e80000)
  from space 16896K, 100% used [0x00000000e9480000,0x00000000ea500000,0x00000000ea500000)
  to   space 22528K, 0% used [0x00000000e7e80000,0x00000000e7e80000,0x00000000e9480000)
 ParOldGen       total 123392K, used 31247K [0x00000000a0000000, 0x00000000a7880000, 0x00000000e0000000)
  object space 123392K, 25% used [0x00000000a0000000,0x00000000a1e83ce8,0x00000000a7880000)
 Metaspace       used 50769K, capacity 52674K, committed 52736K, reserved 1095680K
  class space    used 6974K, capacity 7424K, committed 7424K, reserved 1048576K
}
Event: 22.257 GC heap before
{Heap before GC invocations=13 (full 2):
 PSYoungGen      total 146432K, used 146432K [0x00000000e0000000, 0x00000000eb500000, 0x0000000100000000)
  eden space 129536K, 100% used [0x00000000e0000000,0x00000000e7e80000,0x00000000e7e80000)
  from space 16896K, 100% used [0x00000000e9480000,0x00000000ea500000,0x00000000ea500000)
  to   space 22528K, 0% used [0x00000000e7e80000,0x00000000e7e80000,0x00000000e9480000)
 ParOldGen       total 123392K, used 31247K [0x00000000a0000000, 0x00000000a7880000, 0x00000000e0000000)
  object space 123392K, 25% used [0x00000000a0000000,0x00000000a1e83ce8,0x00000000a7880000)
 Metaspace       used 56332K, capacity 58746K, committed 58880K, reserved 1099776K
  class space    used 7597K, capacity 8120K, committed 8192K, reserved 1048576K
Event: 22.287 GC heap after
Heap after GC invocations=13 (full 2):
 PSYoungGen      total 152064K, used 22496K [0x00000000e0000000, 0x00000000ed500000, 0x0000000100000000)
  eden space 129536K, 0% used [0x00000000e0000000,0x00000000e0000000,0x00000000e7e80000)
  from space 22528K, 99% used [0x00000000e7e80000,0x00000000e9478020,0x00000000e9480000)
  to   space 27648K, 0% used [0x00000000eba00000,0x00000000eba00000,0x00000000ed500000)
 ParOldGen       total 123392K, used 37171K [0x00000000a0000000, 0x00000000a7880000, 0x00000000e0000000)
  object space 123392K, 30% used [0x00000000a0000000,0x00000000a244ce10,0x00000000a7880000)
 Metaspace       used 56332K, capacity 58746K, committed 58880K, reserved 1099776K
  class space    used 7597K, capacity 8120K, committed 8192K, reserved 1048576K
}
Event: 22.459 GC heap before
{Heap before GC invocations=14 (full 2):
 PSYoungGen      total 152064K, used 41781K [0x00000000e0000000, 0x00000000ed500000, 0x0000000100000000)
  eden space 129536K, 14% used [0x00000000e0000000,0x00000000e12d5448,0x00000000e7e80000)
  from space 22528K, 99% used [0x00000000e7e80000,0x00000000e9478020,0x00000000e9480000)
  to   space 27648K, 0% used [0x00000000eba00000,0x00000000eba00000,0x00000000ed500000)
 ParOldGen       total 123392K, used 37171K [0x00000000a0000000, 0x00000000a7880000, 0x00000000e0000000)
  object space 123392K, 30% used [0x00000000a0000000,0x00000000a244ce10,0x00000000a7880000)
 Metaspace       used 56638K, capacity 59046K, committed 59136K, reserved 1099776K
  class space    used 7630K, capacity 8154K, committed 8192K, reserved 1048576K
Event: 22.483 GC heap after
Heap after GC invocations=14 (full 2):
 PSYoungGen      total 187904K, used 23844K [0x00000000e0000000, 0x00000000eef00000, 0x0000000100000000)
  eden space 160256K, 0% used [0x00000000e0000000,0x00000000e0000000,0x00000000e9c80000)
  from space 27648K, 86% used [0x00000000eba00000,0x00000000ed149380,0x00000000ed500000)
  to   space 30208K, 0% used [0x00000000e9c80000,0x00000000e9c80000,0x00000000eba00000)
 ParOldGen       total 123392K, used 37179K [0x00000000a0000000, 0x00000000a7880000, 0x00000000e0000000)
  object space 123392K, 30% used [0x00000000a0000000,0x00000000a244ee10,0x00000000a7880000)
 Metaspace       used 56638K, capacity 59046K, committed 59136K, reserved 1099776K
  class space    used 7630K, capacity 8154K, committed 8192K, reserved 1048576K
}
Event: 22.483 GC heap before
{Heap before GC invocations=15 (full 3):
 PSYoungGen      total 187904K, used 23844K [0x00000000e0000000, 0x00000000eef00000, 0x0000000100000000)
  eden space 160256K, 0% used [0x00000000e0000000,0x00000000e0000000,0x00000000e9c80000)
  from space 27648K, 86% used [0x00000000eba00000,0x00000000ed149380,0x00000000ed500000)
  to   space 30208K, 0% used [0x00000000e9c80000,0x00000000e9c80000,0x00000000eba00000)
 ParOldGen       total 123392K, used 37179K [0x00000000a0000000, 0x00000000a7880000, 0x00000000e0000000)
  object space 123392K, 30% used [0x00000000a0000000,0x00000000a244ee10,0x00000000a7880000)
 Metaspace       used 56638K, capacity 59046K, committed 59136K, reserved 1099776K
  class space    used 7630K, capacity 8154K, committed 8192K, reserved 1048576K
Event: 22.701 GC heap after
Heap after GC invocations=15 (full 3):
 PSYoungGen      total 187904K, used 0K [0x00000000e0000000, 0x00000000eef00000, 0x0000000100000000)
  eden space 160256K, 0% used [0x00000000e0000000,0x00000000e0000000,0x00000000e9c80000)
  from space 27648K, 0% used [0x00000000eba00000,0x00000000eba00000,0x00000000ed500000)
  to   space 30208K, 0% used [0x00000000e9c80000,0x00000000e9c80000,0x00000000eba00000)
 ParOldGen       total 172544K, used 44477K [0x00000000a0000000, 0x00000000aa880000, 0x00000000e0000000)
  object space 172544K, 25% used [0x00000000a0000000,0x00000000a2b6f5d0,0x00000000aa880000)
 Metaspace       used 56638K, capacity 59046K, committed 59136K, reserved 1099776K
  class space    used 7630K, capacity 8154K, committed 8192K, reserved 1048576K
}
Event: 2768.976 GC heap before
{Heap before GC invocations=16 (full 3):
 PSYoungGen      total 187904K, used 160256K [0x00000000e0000000, 0x00000000eef00000, 0x0000000100000000)
  eden space 160256K, 100% used [0x00000000e0000000,0x00000000e9c80000,0x00000000e9c80000)
  from space 27648K, 0% used [0x00000000eba00000,0x00000000eba00000,0x00000000ed500000)
  to   space 30208K, 0% used [0x00000000e9c80000,0x00000000e9c80000,0x00000000eba00000)
 ParOldGen       total 172544K, used 44477K [0x00000000a0000000, 0x00000000aa880000, 0x00000000e0000000)
  object space 172544K, 25% used [0x00000000a0000000,0x00000000a2b6f5d0,0x00000000aa880000)
 Metaspace       used 58695K, capacity 61402K, committed 61568K, reserved 1101824K
  class space    used 7860K, capacity 8450K, committed 8576K, reserved 1048576K

